<?xml version="1.0" encoding="UTF-8"?>
<testsuite name="com.application.weshorten.URLControllerTest" tests="3" skipped="0" failures="0" errors="0" timestamp="2025-05-29T11:00:39.729Z" hostname="dev-machine" time="0.193">
  <properties/>
  <testcase name="deleteURL_shouldReturnOkOrNotFound()" classname="com.application.weshorten.URLControllerTest" time="0.13"/>
  <testcase name="getAllURLs_shouldReturnOk()" classname="com.application.weshorten.URLControllerTest" time="0.007"/>
  <testcase name="shortenURL_shouldReturnCreated()" classname="com.application.weshorten.URLControllerTest" time="0.05"/>
  <system-out><![CDATA[11:00:37.538 [Test worker] INFO org.springframework.test.context.support.AnnotationConfigContextLoaderUtils -- Could not detect default configuration classes for test class [com.application.weshorten.URLControllerTest]: URLControllerTest does not declare any static, non-private, non-final, nested classes annotated with @Configuration.
11:00:37.678 [Test worker] INFO org.springframework.boot.test.context.SpringBootTestContextBootstrapper -- Found @SpringBootConfiguration com.application.weshorten.WeshortenApplication for test class com.application.weshorten.URLControllerTest

  .   ____          _            __ _ _
 /\\ / ___'_ __ _ _(_)_ __  __ _ \ \ \ \
( ( )\___ | '_ | '_| | '_ \/ _` | \ \ \ \
 \\/  ___)| |_)| | | | | || (_| |  ) ) ) )
  '  |____| .__|_| |_|_| |_\__, | / / / /
 =========|_|==============|___/=/_/_/_/

 :: Spring Boot ::                (v3.4.5)

2025-05-29T11:00:38.080Z  INFO 22691 --- [weshorten] [    Test worker] c.a.weshorten.URLControllerTest          : Starting URLControllerTest using Java 21.0.7 with PID 22691 (started by dev in /home/dev/Documents/programms/weshorten/back)
2025-05-29T11:00:38.082Z  INFO 22691 --- [weshorten] [    Test worker] c.a.weshorten.URLControllerTest          : The following 1 profile is active: "@activatedProperties@"
2025-05-29T11:00:39.672Z  INFO 22691 --- [weshorten] [    Test worker] o.s.b.t.m.w.SpringBootMockServletContext : Initializing Spring TestDispatcherServlet ''
2025-05-29T11:00:39.673Z  INFO 22691 --- [weshorten] [    Test worker] o.s.t.web.servlet.TestDispatcherServlet  : Initializing Servlet ''
2025-05-29T11:00:39.676Z  INFO 22691 --- [weshorten] [    Test worker] o.s.t.web.servlet.TestDispatcherServlet  : Completed initialization in 2 ms
2025-05-29T11:00:39.716Z  INFO 22691 --- [weshorten] [    Test worker] c.a.weshorten.URLControllerTest          : Started URLControllerTest in 1.955 seconds (process running for 2.922)
]]></system-out>
  <system-err><![CDATA[Mockito is currently self-attaching to enable the inline-mock-maker. This will no longer work in future releases of the JDK. Please add Mockito as an agent to your build what is described in Mockito's documentation: https://javadoc.io/doc/org.mockito/mockito-core/latest/org/mockito/Mockito.html#0.3
WARNING: A Java agent has been loaded dynamically (/home/dev/.gradle/caches/modules-2/files-2.1/net.bytebuddy/byte-buddy-agent/1.15.11/a38b16385e867f59a641330f0362ebe742788ed8/byte-buddy-agent-1.15.11.jar)
WARNING: If a serviceability tool is in use, please run with -XX:+EnableDynamicAgentLoading to hide this warning
WARNING: If a serviceability tool is not in use, please run with -Djdk.instrument.traceUsage for more information
WARNING: Dynamic loading of agents will be disallowed by default in a future release
]]></system-err>
</testsuite>
